[2025-12-16T02:24:56.630+0000] {local_task_job_runner.py:123} INFO - ::group::Pre task execution logs
[2025-12-16T02:24:56.651+0000] {taskinstance.py:2614} INFO - Dependencies all met for dep_context=non-requeueable deps ti=<TaskInstance: unified_sales_pipeline.run_silver_processing manual__2025-12-16T02:21:17.859615+00:00 [queued]>
[2025-12-16T02:24:56.660+0000] {taskinstance.py:2614} INFO - Dependencies all met for dep_context=requeueable deps ti=<TaskInstance: unified_sales_pipeline.run_silver_processing manual__2025-12-16T02:21:17.859615+00:00 [queued]>
[2025-12-16T02:24:56.661+0000] {taskinstance.py:2867} INFO - Starting attempt 2 of 2
[2025-12-16T02:24:56.672+0000] {taskinstance.py:2890} INFO - Executing <Task(PythonOperator): run_silver_processing> on 2025-12-16 02:21:17.859615+00:00
[2025-12-16T02:24:56.679+0000] {warnings.py:112} WARNING - /home/***/.local/lib/python3.12/site-packages/***/task/task_runner/standard_task_runner.py:70: DeprecationWarning: This process (pid=569) is multi-threaded, use of fork() may lead to deadlocks in the child.
  pid = os.fork()

[2025-12-16T02:24:56.681+0000] {standard_task_runner.py:72} INFO - Started process 570 to run task
[2025-12-16T02:24:56.681+0000] {standard_task_runner.py:104} INFO - Running: ['***', 'tasks', 'run', 'unified_sales_pipeline', 'run_silver_processing', 'manual__2025-12-16T02:21:17.859615+00:00', '--job-id', '51', '--raw', '--subdir', 'DAGS_FOLDER/unified_sales_pipeline_dag.py', '--cfg-path', '/tmp/tmppkf2n6be']
[2025-12-16T02:24:56.683+0000] {standard_task_runner.py:105} INFO - Job 51: Subtask run_silver_processing
[2025-12-16T02:24:56.720+0000] {task_command.py:467} INFO - Running <TaskInstance: unified_sales_pipeline.run_silver_processing manual__2025-12-16T02:21:17.859615+00:00 [running]> on host 4d0049057698
[2025-12-16T02:24:56.785+0000] {taskinstance.py:3134} INFO - Exporting env vars: AIRFLOW_CTX_DAG_OWNER='***' AIRFLOW_CTX_DAG_ID='unified_sales_pipeline' AIRFLOW_CTX_TASK_ID='run_silver_processing' AIRFLOW_CTX_EXECUTION_DATE='2025-12-16T02:21:17.859615+00:00' AIRFLOW_CTX_TRY_NUMBER='2' AIRFLOW_CTX_DAG_RUN_ID='manual__2025-12-16T02:21:17.859615+00:00'
[2025-12-16T02:24:56.786+0000] {taskinstance.py:732} INFO - ::endgroup::
[2025-12-16T02:24:56.801+0000] {logging_mixin.py:190} INFO - üöÄ Submitting Silver Spark job: docker exec spark-master spark-submit --master spark://spark-master:7077 --jars /opt/spark/jars/delta-spark_2.12-3.2.0.jar,/opt/spark/jars/delta-storage-3.2.0.jar,/opt/spark/jars/spark-sql-kafka-0-10_2.12-3.5.0.jar,/opt/spark/jars/spark-token-provider-kafka-0-10_2.12-3.5.0.jar,/opt/spark/jars/kafka-clients-3.4.1.jar,/opt/spark/jars/commons-pool2-2.11.1.jar --conf spark.sql.extensions=io.delta.sql.DeltaSparkSessionExtension --conf spark.sql.catalog.spark_catalog=org.apache.spark.sql.delta.catalog.DeltaCatalog --conf spark.driver.memory=1g --conf spark.executor.memory=1g /app/dags/bronze_to_silver.py
[2025-12-16T02:25:50.645+0000] {logging_mixin.py:190} INFO - üîç Return code: 1
[2025-12-16T02:25:50.646+0000] {logging_mixin.py:190} INFO - ================================================================================
[2025-12-16T02:25:50.647+0000] {logging_mixin.py:190} INFO - STDOUT FULL (last 2000 chars):
[2025-12-16T02:25:50.647+0000] {logging_mixin.py:190} INFO - ================================================================================
[2025-12-16T02:25:50.648+0000] {logging_mixin.py:190} INFO - _insights(silver_df)
  File "/app/dags/bronze_to_silver.py", line 207, in print_business_insights
    total_revenue = sum([row['segment_revenue'] for row in customer_stats])
  File "/opt/spark/python/lib/pyspark.zip/pyspark/sql/utils.py", line 174, in wrapped
    return f(*args, **kwargs)
  File "/opt/spark/python/lib/pyspark.zip/pyspark/sql/functions.py", line 866, in sum
    return _invoke_function_over_columns("sum", col)
  File "/opt/spark/python/lib/pyspark.zip/pyspark/sql/functions.py", line 105, in _invoke_function_over_columns
    return _invoke_function(name, *(_to_java_column(col) for col in cols))
  File "/opt/spark/python/lib/pyspark.zip/pyspark/sql/functions.py", line 105, in <genexpr>
    return _invoke_function(name, *(_to_java_column(col) for col in cols))
  File "/opt/spark/python/lib/pyspark.zip/pyspark/sql/column.py", line 65, in _to_java_column
    raise PySparkTypeError(
pyspark.errors.exceptions.base.PySparkTypeError: [NOT_COLUMN_OR_STR] Argument `col` should be a Column or str, got list.

üîö Spark session stopped
Traceback (most recent call last):
  File "/app/dags/bronze_to_silver.py", line 501, in <module>
    main()
  File "/app/dags/bronze_to_silver.py", line 372, in main
    print_business_insights(silver_df)
  File "/app/dags/bronze_to_silver.py", line 207, in print_business_insights
    total_revenue = sum([row['segment_revenue'] for row in customer_stats])
  File "/opt/spark/python/lib/pyspark.zip/pyspark/sql/utils.py", line 174, in wrapped
  File "/opt/spark/python/lib/pyspark.zip/pyspark/sql/functions.py", line 866, in sum
  File "/opt/spark/python/lib/pyspark.zip/pyspark/sql/functions.py", line 105, in _invoke_function_over_columns
  File "/opt/spark/python/lib/pyspark.zip/pyspark/sql/functions.py", line 105, in <genexpr>
  File "/opt/spark/python/lib/pyspark.zip/pyspark/sql/column.py", line 65, in _to_java_column
pyspark.errors.exceptions.base.PySparkTypeError: [NOT_COLUMN_OR_STR] Argument `col` should be a Column or str, got list.
[2025-12-16T02:25:50.648+0000] {logging_mixin.py:190} INFO - ================================================================================
[2025-12-16T02:25:50.649+0000] {logging_mixin.py:190} INFO - ‚ùå Silver Spark job failed with return code 1
[2025-12-16T02:25:50.650+0000] {logging_mixin.py:190} INFO - ‚ùå Error submitting Silver Spark job: Silver Spark job failed:
üìÖ DAILY SALES TREND:
  2025-12-16 | ‚ñà‚ñà‚ñà‚ñà‚ñà‚ñà‚ñà‚ñà‚ñà‚ñà‚ñà‚ñà‚ñà‚ñà‚ñà‚ñà‚ñà‚ñà‚ñà‚ñà‚ñà‚ñà‚ñà‚ñà‚ñà‚ñà‚ñà‚ñà‚ñà‚ñà‚ñà‚ñà‚ñà‚ñà‚ñà‚ñà‚ñà‚ñà‚ñà‚ñà | ‚Ç¨59,561.85

üë• CUSTOMER SEGMENT ANALYSIS:
‚ùå Error in silver transformation: [NOT_COLUMN_OR_STR] Argument `col` should be a Column or str, got list.
Traceback (most recent call last):
  File "/app/dags/bronze_to_silver.py", line 372, in main
    print_business_insights(silver_df)
  File "/app/dags/bronze_to_silver.py", line 207, in print_business_insights
    total_revenue = sum([row['segment_revenue'] for row in customer_stats])
  File "/opt/spark/python/lib/pyspark.zip/pyspark/sql/utils.py", line 174, in wrapped
...
  File "/opt/spark/python/lib/pyspark.zip/pyspark/sql/column.py", line 65, in _to_java_column
    raise PySparkTypeError(
pyspark.errors.exceptions.base.PySparkTypeError: [NOT_COLUMN_OR_STR] Argument `col` should be a Column or str, got list.

üîö Spark session stopped
Traceback (most recent call last):
  File "/app/dags/bronze_to_silver.py", line 501, in <module>
    main()
  File "/app/dags/bronze_to_silver.py", line 372, in main
    print_business_insights(silver_df)
  File "/app/dags/bronze_to_silver.py", line 207, in print_business_insights
...
[2025-12-16T02:25:50.651+0000] {taskinstance.py:3313} ERROR - Task failed with exception
Traceback (most recent call last):
  File "/home/airflow/.local/lib/python3.12/site-packages/airflow/models/taskinstance.py", line 768, in _execute_task
    result = _execute_callable(context=context, **execute_callable_kwargs)
             ^^^^^^^^^^^^^^^^^^^^^^^^^^^^^^^^^^^^^^^^^^^^^^^^^^^^^^^^^^^^^
  File "/home/airflow/.local/lib/python3.12/site-packages/airflow/models/taskinstance.py", line 734, in _execute_callable
    return ExecutionCallableRunner(
           ^^^^^^^^^^^^^^^^^^^^^^^^
  File "/home/airflow/.local/lib/python3.12/site-packages/airflow/utils/operator_helpers.py", line 252, in run
    return self.func(*args, **kwargs)
           ^^^^^^^^^^^^^^^^^^^^^^^^^^
  File "/home/airflow/.local/lib/python3.12/site-packages/airflow/models/baseoperator.py", line 424, in wrapper
    return func(self, *args, **kwargs)
           ^^^^^^^^^^^^^^^^^^^^^^^^^^^
  File "/home/airflow/.local/lib/python3.12/site-packages/airflow/operators/python.py", line 238, in execute
    return_value = self.execute_callable()
                   ^^^^^^^^^^^^^^^^^^^^^^^
  File "/home/airflow/.local/lib/python3.12/site-packages/airflow/operators/python.py", line 256, in execute_callable
    return runner.run(*self.op_args, **self.op_kwargs)
           ^^^^^^^^^^^^^^^^^^^^^^^^^^^^^^^^^^^^^^^^^^^
  File "/home/airflow/.local/lib/python3.12/site-packages/airflow/utils/operator_helpers.py", line 252, in run
    return self.func(*args, **kwargs)
           ^^^^^^^^^^^^^^^^^^^^^^^^^^
  File "/opt/airflow/dags/unified_sales_pipeline_dag.py", line 339, in run_spark_silver_processing
    raise Exception(f"Silver Spark job failed:\n{error_msg}")
Exception: Silver Spark job failed:
üìÖ DAILY SALES TREND:
  2025-12-16 | ‚ñà‚ñà‚ñà‚ñà‚ñà‚ñà‚ñà‚ñà‚ñà‚ñà‚ñà‚ñà‚ñà‚ñà‚ñà‚ñà‚ñà‚ñà‚ñà‚ñà‚ñà‚ñà‚ñà‚ñà‚ñà‚ñà‚ñà‚ñà‚ñà‚ñà‚ñà‚ñà‚ñà‚ñà‚ñà‚ñà‚ñà‚ñà‚ñà‚ñà | ‚Ç¨59,561.85

üë• CUSTOMER SEGMENT ANALYSIS:
‚ùå Error in silver transformation: [NOT_COLUMN_OR_STR] Argument `col` should be a Column or str, got list.
Traceback (most recent call last):
  File "/app/dags/bronze_to_silver.py", line 372, in main
    print_business_insights(silver_df)
  File "/app/dags/bronze_to_silver.py", line 207, in print_business_insights
    total_revenue = sum([row['segment_revenue'] for row in customer_stats])
  File "/opt/spark/python/lib/pyspark.zip/pyspark/sql/utils.py", line 174, in wrapped
...
  File "/opt/spark/python/lib/pyspark.zip/pyspark/sql/column.py", line 65, in _to_java_column
    raise PySparkTypeError(
pyspark.errors.exceptions.base.PySparkTypeError: [NOT_COLUMN_OR_STR] Argument `col` should be a Column or str, got list.

üîö Spark session stopped
Traceback (most recent call last):
  File "/app/dags/bronze_to_silver.py", line 501, in <module>
    main()
  File "/app/dags/bronze_to_silver.py", line 372, in main
    print_business_insights(silver_df)
  File "/app/dags/bronze_to_silver.py", line 207, in print_business_insights
...
[2025-12-16T02:25:50.670+0000] {taskinstance.py:1226} INFO - Marking task as FAILED. dag_id=unified_sales_pipeline, task_id=run_silver_processing, run_id=manual__2025-12-16T02:21:17.859615+00:00, execution_date=20251216T022117, start_date=20251216T022456, end_date=20251216T022550
[2025-12-16T02:25:50.696+0000] {taskinstance.py:341} INFO - ::group::Post task execution logs
[2025-12-16T02:25:50.698+0000] {standard_task_runner.py:124} ERROR - Failed to execute job 51 for task run_silver_processing (Silver Spark job failed:
üìÖ DAILY SALES TREND:
  2025-12-16 | ‚ñà‚ñà‚ñà‚ñà‚ñà‚ñà‚ñà‚ñà‚ñà‚ñà‚ñà‚ñà‚ñà‚ñà‚ñà‚ñà‚ñà‚ñà‚ñà‚ñà‚ñà‚ñà‚ñà‚ñà‚ñà‚ñà‚ñà‚ñà‚ñà‚ñà‚ñà‚ñà‚ñà‚ñà‚ñà‚ñà‚ñà‚ñà‚ñà‚ñà | ‚Ç¨59,561.85

üë• CUSTOMER SEGMENT ANALYSIS:
‚ùå Error in silver transformation: [NOT_COLUMN_OR_STR] Argument `col` should be a Column or str, got list.
Traceback (most recent call last):
  File "/app/dags/bronze_to_silver.py", line 372, in main
    print_business_insights(silver_df)
  File "/app/dags/bronze_to_silver.py", line 207, in print_business_insights
    total_revenue = sum([row['segment_revenue'] for row in customer_stats])
  File "/opt/spark/python/lib/pyspark.zip/pyspark/sql/utils.py", line 174, in wrapped
...
  File "/opt/spark/python/lib/pyspark.zip/pyspark/sql/column.py", line 65, in _to_java_column
    raise PySparkTypeError(
pyspark.errors.exceptions.base.PySparkTypeError: [NOT_COLUMN_OR_STR] Argument `col` should be a Column or str, got list.

üîö Spark session stopped
Traceback (most recent call last):
  File "/app/dags/bronze_to_silver.py", line 501, in <module>
    main()
  File "/app/dags/bronze_to_silver.py", line 372, in main
    print_business_insights(silver_df)
  File "/app/dags/bronze_to_silver.py", line 207, in print_business_insights
...; 570)
Traceback (most recent call last):
  File "/home/airflow/.local/lib/python3.12/site-packages/airflow/task/task_runner/standard_task_runner.py", line 117, in _start_by_fork
    ret = args.func(args, dag=self.dag)
          ^^^^^^^^^^^^^^^^^^^^^^^^^^^^^
  File "/home/airflow/.local/lib/python3.12/site-packages/airflow/cli/cli_config.py", line 49, in command
    return func(*args, **kwargs)
           ^^^^^^^^^^^^^^^^^^^^^
  File "/home/airflow/.local/lib/python3.12/site-packages/airflow/utils/cli.py", line 116, in wrapper
    return f(*args, **kwargs)
           ^^^^^^^^^^^^^^^^^^
  File "/home/airflow/.local/lib/python3.12/site-packages/airflow/cli/commands/task_command.py", line 483, in task_run
    task_return_code = _run_task_by_selected_method(args, _dag, ti)
                       ^^^^^^^^^^^^^^^^^^^^^^^^^^^^^^^^^^^^^^^^^^^^
  File "/home/airflow/.local/lib/python3.12/site-packages/airflow/cli/commands/task_command.py", line 256, in _run_task_by_selected_method
    return _run_raw_task(args, ti)
           ^^^^^^^^^^^^^^^^^^^^^^^
  File "/home/airflow/.local/lib/python3.12/site-packages/airflow/cli/commands/task_command.py", line 341, in _run_raw_task
    return ti._run_raw_task(
           ^^^^^^^^^^^^^^^^^
  File "/home/airflow/.local/lib/python3.12/site-packages/airflow/utils/session.py", line 97, in wrapper
    return func(*args, session=session, **kwargs)
           ^^^^^^^^^^^^^^^^^^^^^^^^^^^^^^^^^^^^^^
  File "/home/airflow/.local/lib/python3.12/site-packages/airflow/models/taskinstance.py", line 3006, in _run_raw_task
    return _run_raw_task(
           ^^^^^^^^^^^^^^
  File "/home/airflow/.local/lib/python3.12/site-packages/airflow/models/taskinstance.py", line 274, in _run_raw_task
    TaskInstance._execute_task_with_callbacks(
  File "/home/airflow/.local/lib/python3.12/site-packages/airflow/models/taskinstance.py", line 3161, in _execute_task_with_callbacks
    result = self._execute_task(context, task_orig)
             ^^^^^^^^^^^^^^^^^^^^^^^^^^^^^^^^^^^^^^
  File "/home/airflow/.local/lib/python3.12/site-packages/airflow/models/taskinstance.py", line 3185, in _execute_task
    return _execute_task(self, context, task_orig)
           ^^^^^^^^^^^^^^^^^^^^^^^^^^^^^^^^^^^^^^^
  File "/home/airflow/.local/lib/python3.12/site-packages/airflow/models/taskinstance.py", line 768, in _execute_task
    result = _execute_callable(context=context, **execute_callable_kwargs)
             ^^^^^^^^^^^^^^^^^^^^^^^^^^^^^^^^^^^^^^^^^^^^^^^^^^^^^^^^^^^^^
  File "/home/airflow/.local/lib/python3.12/site-packages/airflow/models/taskinstance.py", line 734, in _execute_callable
    return ExecutionCallableRunner(
           ^^^^^^^^^^^^^^^^^^^^^^^^
  File "/home/airflow/.local/lib/python3.12/site-packages/airflow/utils/operator_helpers.py", line 252, in run
    return self.func(*args, **kwargs)
           ^^^^^^^^^^^^^^^^^^^^^^^^^^
  File "/home/airflow/.local/lib/python3.12/site-packages/airflow/models/baseoperator.py", line 424, in wrapper
    return func(self, *args, **kwargs)
           ^^^^^^^^^^^^^^^^^^^^^^^^^^^
  File "/home/airflow/.local/lib/python3.12/site-packages/airflow/operators/python.py", line 238, in execute
    return_value = self.execute_callable()
                   ^^^^^^^^^^^^^^^^^^^^^^^
  File "/home/airflow/.local/lib/python3.12/site-packages/airflow/operators/python.py", line 256, in execute_callable
    return runner.run(*self.op_args, **self.op_kwargs)
           ^^^^^^^^^^^^^^^^^^^^^^^^^^^^^^^^^^^^^^^^^^^
  File "/home/airflow/.local/lib/python3.12/site-packages/airflow/utils/operator_helpers.py", line 252, in run
    return self.func(*args, **kwargs)
           ^^^^^^^^^^^^^^^^^^^^^^^^^^
  File "/opt/airflow/dags/unified_sales_pipeline_dag.py", line 339, in run_spark_silver_processing
    raise Exception(f"Silver Spark job failed:\n{error_msg}")
Exception: Silver Spark job failed:
üìÖ DAILY SALES TREND:
  2025-12-16 | ‚ñà‚ñà‚ñà‚ñà‚ñà‚ñà‚ñà‚ñà‚ñà‚ñà‚ñà‚ñà‚ñà‚ñà‚ñà‚ñà‚ñà‚ñà‚ñà‚ñà‚ñà‚ñà‚ñà‚ñà‚ñà‚ñà‚ñà‚ñà‚ñà‚ñà‚ñà‚ñà‚ñà‚ñà‚ñà‚ñà‚ñà‚ñà‚ñà‚ñà | ‚Ç¨59,561.85

üë• CUSTOMER SEGMENT ANALYSIS:
‚ùå Error in silver transformation: [NOT_COLUMN_OR_STR] Argument `col` should be a Column or str, got list.
Traceback (most recent call last):
  File "/app/dags/bronze_to_silver.py", line 372, in main
    print_business_insights(silver_df)
  File "/app/dags/bronze_to_silver.py", line 207, in print_business_insights
    total_revenue = sum([row['segment_revenue'] for row in customer_stats])
  File "/opt/spark/python/lib/pyspark.zip/pyspark/sql/utils.py", line 174, in wrapped
...
  File "/opt/spark/python/lib/pyspark.zip/pyspark/sql/column.py", line 65, in _to_java_column
    raise PySparkTypeError(
pyspark.errors.exceptions.base.PySparkTypeError: [NOT_COLUMN_OR_STR] Argument `col` should be a Column or str, got list.

üîö Spark session stopped
Traceback (most recent call last):
  File "/app/dags/bronze_to_silver.py", line 501, in <module>
    main()
  File "/app/dags/bronze_to_silver.py", line 372, in main
    print_business_insights(silver_df)
  File "/app/dags/bronze_to_silver.py", line 207, in print_business_insights
...
[2025-12-16T02:25:50.713+0000] {local_task_job_runner.py:266} INFO - Task exited with return code 1
[2025-12-16T02:25:50.734+0000] {taskinstance.py:3901} INFO - 0 downstream tasks scheduled from follow-on schedule check
[2025-12-16T02:25:50.740+0000] {local_task_job_runner.py:245} INFO - ::endgroup::
